app/build/outputs/logs/manifest-merger-debug-report.txt
-- Merging decision tree log ---
manifest
ADDED from src\main\AndroidManifest.xml:2:1-138:12
	xmlns:android
		ADDED from src\main\AndroidManifest.xml:2:11-69
	package
		ADDED from src\main\AndroidManifest.xml:3:5-49
		INJECTED from src\main\AndroidManifest.xml
		INJECTED from src\main\AndroidManifest.xml
	android:versionName
		ADDED from src\main\AndroidManifest.xml:5:5-33
		INJECTED from src\main\AndroidManifest.xml
		INJECTED from src\main\AndroidManifest.xml
	android:versionCode
		ADDED from src\main\AndroidManifest.xml:4:5-28
		INJECTED from src\main\AndroidManifest.xml
		INJECTED from src\main\AndroidManifest.xml
uses-sdk
ADDED from src\main\AndroidManifest.xml:7:5-9:41
	android:targetSdkVersion
		ADDED from src\main\AndroidManifest.xml:9:9-38
		INJECTED from src\main\AndroidManifest.xml
		INJECTED from src\main\AndroidManifest.xml
	android:minSdkVersion
		ADDED from src\main\AndroidManifest.xml:8:9-34
		INJECTED from src\main\AndroidManifest.xml
		INJECTED from src\main\AndroidManifest.xml
supports-screens
ADDED from src\main\AndroidManifest.xml:11:5-15:39
	android:largeScreens
		ADDED from src\main\AndroidManifest.xml:13:9-36
	android:anyDensity
		ADDED from src\main\AndroidManifest.xml:12:9-34
	android:normalScreens
		ADDED from src\main\AndroidManifest.xml:14:9-37
	android:smallScreens
		ADDED from src\main\AndroidManifest.xml:15:9-36
uses-feature#android.hardware.camera
ADDED from src\main\AndroidManifest.xml:17:5-60
	android:name
		ADDED from src\main\AndroidManifest.xml:17:19-57
uses-feature#android.hardware.camera.autofocus
ADDED from src\main\AndroidManifest.xml:18:5-70
	android:name
		ADDED from src\main\AndroidManifest.xml:18:19-67
uses-permission#android.permission.INTERNET
ADDED from src\main\AndroidManifest.xml:20:5-67
	android:name
		ADDED from src\main\AndroidManifest.xml:20:22-64
uses-permission#android.permission.ACCESS_NETWORK_STATE
ADDED from src\main\AndroidManifest.xml:21:5-79
	android:name
		ADDED from src\main\AndroidManifest.xml:21:22-76
uses-permission#android.permission.WAKE_LOCK
ADDED from src\main\AndroidManifest.xml:22:2-65
	android:name
		ADDED from src\main\AndroidManifest.xml:22:19-62
uses-permission#android.permission.CAMERA
ADDED from src\main\AndroidManifest.xml:24:5-65
	android:name
		ADDED from src\main\AndroidManifest.xml:24:22-62
uses-permission#android.permission.WRITE_EXTERNAL_STORAGE
ADDED from src\main\AndroidManifest.xml:25:5-81
	android:name
		ADDED from src\main\AndroidManifest.xml:25:22-78
uses-permission#android.permission.VIBRATE
ADDED from src\main\AndroidManifest.xml:26:5-66
	android:name
		ADDED from src\main\AndroidManifest.xml:26:22-63
uses-permission#android.permission.FLASHLIGHT
ADDED from src\main\AndroidManifest.xml:27:5-69
	android:name
		ADDED from src\main\AndroidManifest.xml:27:22-66
uses-permission#android.permission.GET_ACCOUNTS
ADDED from src\main\AndroidManifest.xml:29:2-68
	android:name
		ADDED from src\main\AndroidManifest.xml:29:19-65
uses-permission#com.google.android.c2dm.permission.RECEIVE
ADDED from src\main\AndroidManifest.xml:30:2-79
	android:name
		ADDED from src\main\AndroidManifest.xml:30:19-76
permission#com.winrestenterprise.ewallet.mbbz.permission.C2D_MESSAGE
ADDED from src\main\AndroidManifest.xml:32:2-33:80
	android:protectionLevel
		ADDED from src\main\AndroidManifest.xml:32:14-49
	android:name
		ADDED from src\main\AndroidManifest.xml:33:5-77
uses-permission#com.winrestenterprise.ewallet.mbbz.permission.C2D_MESSAGE
ADDED from src\main\AndroidManifest.xml:34:2-94
	android:name
		ADDED from src\main\AndroidManifest.xml:34:19-91
application
ADDED from src\main\AndroidManifest.xml:37:5-136:19
	android:label
		ADDED from src\main\AndroidManifest.xml:39:9-41
	android:icon
		ADDED from src\main\AndroidManifest.xml:38:9-45
	android:name
		ADDED from src\main\AndroidManifest.xml:40:9-37
activity#com.winrestenterprise.ewallet.mbbz.FlashScreenActivity
ADDED from src\main\AndroidManifest.xml:41:9-49:20
	android:theme
		ADDED from src\main\AndroidManifest.xml:43:13-72
	android:name
		ADDED from src\main\AndroidManifest.xml:42:13-82
intent-filter#android.intent.action.MAIN+android.intent.category.LAUNCHER
ADDED from src\main\AndroidManifest.xml:44:13-48:29
action#android.intent.action.MAIN
ADDED from src\main\AndroidManifest.xml:45:17-69
	android:name
		ADDED from src\main\AndroidManifest.xml:45:25-66
category#android.intent.category.LAUNCHER
ADDED from src\main\AndroidManifest.xml:47:17-77
	android:name
		ADDED from src\main\AndroidManifest.xml:47:27-74
activity#com.winrestenterprise.ewallet.mbbz.ActivateWalletActivity
ADDED from src\main\AndroidManifest.xml:50:9-53:20
	android:theme
		ADDED from src\main\AndroidManifest.xml:52:13-47
	android:name
		ADDED from src\main\AndroidManifest.xml:51:13-85
activity#com.winrestenterprise.ewallet.mbbz.CardListActivity
ADDED from src\main\AndroidManifest.xml:54:9-60:20
	android:theme
		ADDED from src\main\AndroidManifest.xml:56:13-47
	android:name
		ADDED from src\main\AndroidManifest.xml:55:13-79
meta-data#android.support.PARENT_ACTIVITY
ADDED from src\main\AndroidManifest.xml:57:13-59:81
	android:name
		ADDED from src\main\AndroidManifest.xml:58:17-63
	android:value
		ADDED from src\main\AndroidManifest.xml:59:17-78
activity#com.winrestenterprise.ewallet.mbbz.CardPayActivity
ADDED from src\main\AndroidManifest.xml:61:9-67:20
	android:theme
		ADDED from src\main\AndroidManifest.xml:63:13-47
	android:name
		ADDED from src\main\AndroidManifest.xml:62:13-78
activity#com.winrestenterprise.ewallet.mbbz.ReceiptActivity
ADDED from src\main\AndroidManifest.xml:68:9-74:20
	android:theme
		ADDED from src\main\AndroidManifest.xml:70:13-47
	android:name
		ADDED from src\main\AndroidManifest.xml:69:13-78
activity#com.winrestenterprise.ewallet.mbbz.ReceiptListActivity
ADDED from src\main\AndroidManifest.xml:75:9-78:20
	android:theme
		ADDED from src\main\AndroidManifest.xml:77:13-47
	android:name
		ADDED from src\main\AndroidManifest.xml:76:13-82
activity#com.winrestenterprise.ewallet.mbbz.EditCardActivity
ADDED from src\main\AndroidManifest.xml:79:9-85:20
	android:theme
		ADDED from src\main\AndroidManifest.xml:81:13-47
	android:name
		ADDED from src\main\AndroidManifest.xml:80:13-79
activity#com.winrestenterprise.ewallet.mbbz.ZBarScanActivity
ADDED from src\main\AndroidManifest.xml:86:9-95:20
	android:windowSoftInputMode
		ADDED from src\main\AndroidManifest.xml:91:13-60
	android:label
		ADDED from src\main\AndroidManifest.xml:89:13-47
	android:configChanges
		ADDED from src\main\AndroidManifest.xml:88:13-63
	android:theme
		ADDED from src\main\AndroidManifest.xml:90:13-71
	android:name
		ADDED from src\main\AndroidManifest.xml:87:13-79
activity#com.winrestenterprise.ewallet.mbbz.EditUserActivity
ADDED from src\main\AndroidManifest.xml:96:9-103:20
	android:theme
		ADDED from src\main\AndroidManifest.xml:98:13-47
	android:name
		ADDED from src\main\AndroidManifest.xml:97:13-79
activity#com.winrestenterprise.ewallet.mbbz.AddCardActivity
ADDED from src\main\AndroidManifest.xml:104:9-107:20
	android:theme
		ADDED from src\main\AndroidManifest.xml:106:13-47
	android:name
		ADDED from src\main\AndroidManifest.xml:105:13-78
activity#com.winrestenterprise.ewallet.mbbz.WebOrder
ADDED from src\main\AndroidManifest.xml:108:9-112:20
	android:screenOrientation
		ADDED from src\main\AndroidManifest.xml:111:13-49
	android:theme
		ADDED from src\main\AndroidManifest.xml:110:13-53
	android:name
		ADDED from src\main\AndroidManifest.xml:109:13-71
service#com.parse.PushService
ADDED from src\main\AndroidManifest.xml:114:9-57
	android:name
		ADDED from src\main\AndroidManifest.xml:114:18-54
receiver#com.parse.ParsePushBroadcastReceiver
ADDED from src\main\AndroidManifest.xml:115:1-122:12
	android:exported
		ADDED from src\main\AndroidManifest.xml:116:5-29
	android:name
		ADDED from src\main\AndroidManifest.xml:115:11-62
intent-filter#com.parse.push.intent.DELETE+com.parse.push.intent.OPEN+com.parse.push.intent.RECEIVE
ADDED from src\main\AndroidManifest.xml:117:3-121:21
action#com.parse.push.intent.RECEIVE
ADDED from src\main\AndroidManifest.xml:118:5-60
	android:name
		ADDED from src\main\AndroidManifest.xml:118:13-57
action#com.parse.push.intent.DELETE
ADDED from src\main\AndroidManifest.xml:119:5-59
	android:name
		ADDED from src\main\AndroidManifest.xml:119:13-56
action#com.parse.push.intent.OPEN
ADDED from src\main\AndroidManifest.xml:120:5-57
	android:name
		ADDED from src\main\AndroidManifest.xml:120:13-54
receiver#com.parse.GcmBroadcastReceiver
ADDED from src\main\AndroidManifest.xml:123:1-134:12
	android:permission
		ADDED from src\main\AndroidManifest.xml:124:5-65
	android:name
		ADDED from src\main\AndroidManifest.xml:123:11-56
intent-filter#com.google.android.c2dm.intent.RECEIVE+com.google.android.c2dm.intent.REGISTRATION+com.winrestenterprise.ewallet.mbbz
ADDED from src\main\AndroidManifest.xml:125:3-133:19
action#com.google.android.c2dm.intent.RECEIVE
ADDED from src\main\AndroidManifest.xml:126:5-69
	android:name
		ADDED from src\main\AndroidManifest.xml:126:13-66
action#com.google.android.c2dm.intent.REGISTRATION
ADDED from src\main\AndroidManifest.xml:127:5-74
	android:name
		ADDED from src\main\AndroidManifest.xml:127:13-71
category#com.winrestenterprise.ewallet.mbbz
ADDED from src\main\AndroidManifest.xml:132:5-67
	android:name
		ADDED from src\main\AndroidManifest.xml:132:15-64